<?xml version="1.0" encoding="UTF-8"?>
<testng-results ignored="0" total="1" passed="1" failed="0" skipped="0">
  <reporter-output>
  </reporter-output>
  <suite started-at="2021-10-29T01:10:05Z" name="Default suite" finished-at="2021-10-29T01:10:15Z" duration-ms="9466">
    <groups>
    </groups>
    <test started-at="2021-10-29T01:10:05Z" name="Default test" finished-at="2021-10-29T01:10:15Z" duration-ms="9466">
      <class name="com.google.GoogleTest">
        <test-method signature="f()[pri:0, instance:com.google.GoogleTest@25f4878b]" started-at="2021-10-29T01:10:05Z" name="f" finished-at="2021-10-29T01:10:15Z" duration-ms="9394" status="PASS">
          <reporter-output>
          </reporter-output>
        </test-method> <!-- f -->
      </class> <!-- com.google.GoogleTest -->
    </test> <!-- Default test -->
  </suite> <!-- Default suite -->
</testng-results>
